Arguments: 
  C:\Program Files\nodejs\node.exe C:\Users\valen\AppData\Roaming\npm\node_modules\yarn\bin\yarn.js add jwks-rsa

PATH: 
  C:\WINDOWS\system32;C:\WINDOWS;C:\WINDOWS\System32\Wbem;C:\WINDOWS\System32\WindowsPowerShell\v1.0\;C:\WINDOWS\System32\OpenSSH\;C:\Program Files\NVIDIA Corporation\NVIDIA NvDLISR;C:\Program Files (x86)\NVIDIA Corporation\PhysX\Common;C:\WINDOWS\system32;C:\WINDOWS;C:\WINDOWS\System32\Wbem;C:\WINDOWS\System32\WindowsPowerShell\v1.0\;C:\WINDOWS\System32\OpenSSH\;C:\Program Files\dotnet\;C:\Program Files (x86)\ZeroTier\One\;C:\Program Files\Git\cmd;C:\Program Files\nodejs\;C:\ProgramData\chocolatey\bin;C:\Users\valen\AppData\Local\Microsoft\WindowsApps;C:\Users\valen\AppData\Local\Programs\Microsoft VS Code\bin;C:\Users\valen\AppData\Local\GitHubDesktop\bin;C:\Users\valen\AppData\Roaming\npm

Yarn version: 
  1.22.19

Node version: 
  16.14.0

Platform: 
  win32 x64

Trace: 
  Error: EPERM: operation not permitted, unlink 'C:\Users\valen\Desktop\OpenClassroom-Projets\OpenclassroomsP7\back\node_modules\bcrypt\lib\binding\napi-v3\bcrypt_lib.node'

npm manifest: 
  {
    "name": "backend",
    "version": "1.0.0",
    "main": "server.js",
    "scripts": {
      "test": "echo \"Error: no test specified\" && exit 1"
    },
    "author": "Valentin Ygout",
    "license": "ISC",
    "description": "backend for Openclassroom project 6",
    "dependencies": {
      "bcrypt": "^5.0.1",
      "dotenv": "^16.0.1",
      "express": "^4.18.1",
      "express-mongo-sanitize": "^2.2.0",
      "express-oauth2-jwt-bearer": "^1.1.0",
      "express-rate-limit": "^6.4.0",
      "helmet": "^5.1.0",
      "jsonwebtoken": "^8.5.1",
      "mongoose-unique-validator": "^3.1.0",
      "multer": "^1.4.5-lts.1"
    }
  }

yarn manifest: 
  No manifest

Lockfile: 
  No lockfile
